--------------------
胜局统计[45, 55, 45, 55]
{3: 262, 2: 111, 1: 164, -1: 188, -2: 136, -3: 270, 'all': 1131}
--------------------

--------------------
胜局统计[32, 68, 32, 68]
{3: 198, 2: 108, 1: 195, -1: 190, -2: 138, -3: 306, 'all': 1135}
--------------------

--------------------
胜局统计[21, 79, 21, 79]
{3: 170, 2: 74, 1: 160, -1: 131, -2: 128, -3: 377, 'all': 1040}
--------------------

--------------------
胜局统计[1, 9, 1, 9]
{3: 41, 2: 11, 1: 18, -1: 17, -2: 6, -3: 17, 'all': 110}
score = 0.7545454545454545
--------------------

--------------------
胜局统计[6, 4, 6, 4]
{3: 23, 2: 5, 1: 12, -1: 8, -2: 12, -3: 32, 'all': 92}
score = -0.40217391304347827
--------------------

--------------------
胜局统计[8, 2, 8, 2]
{3: 17, 2: 1, 1: 19, -1: 14, -2: 13, -3: 34, 'all': 98}
score = -0.7142857142857143
--------------------

--------------------
胜局统计[10, 0, 10, 0]
{3: 4, 2: 3, 1: 9, -1: 4, -2: 9, -3: 47, 'all': 76}
score = -1.7894736842105263
--------------------

--------------------
胜局统计[200, 0, 200, 0]
{3: 77, 2: 17, 1: 162, -1: 128, -2: 140, -3: 946, 'all': 1470}
score = -1.917687074829932
--------------------

--------------------
胜局统计[47, 153, 47, 153]
{3: 723, 2: 198, 1: 376, -1: 296, -2: 183, -3: 419, 'all': 2195}
score = 0.46560364464692483
--------------------

